<?xml version="1.0" encoding="UTF-8"?>
<!-- Generated by org.testng.reporters.JUnitReportReporter -->
<testsuite hostname="DESKTOP-AL4SBLA" failures="0" tests="3" name="com.TestNG.verifySignUpPage" time="75.519" errors="0" timestamp="2023-02-21T16:24:15 IST" skipped="0">
  <testcase classname="com.TestNG.verifySignUpPage" name="verifySignUpForm" time="25.867"/>
  <system-out/>
  <testcase classname="com.TestNG.verifySignUpPage" name="VerifyLooksLikeText" time="29.109"/>
  <system-out/>
  <testcase classname="com.TestNG.verifySignUpPage" name="VerifySignUpText" time="20.543"/>
  <system-out/>
</testsuite> <!-- com.TestNG.verifySignUpPage -->
